<?xml version="1.0" encoding="UTF-8" ?>
<testsuite tests="1" failures="0" name="org.example.AppTest" time="0.003" errors="0" skipped="0">
  <properties>
    <property name="idea.version" value="2024.1"/>
    <property name="java.runtime.name" value="Java(TM) SE Runtime Environment"/>
    <property name="java.vm.version" value="11.0.23+7-LTS-222"/>
    <property name="sun.boot.library.path" value="D:\MyProgramTools\Java\jdk11\bin"/>
    <property name="maven.multiModuleProjectDirectory" value="D:\MyProjects\IDEA Projects\dns-flink\dns-situation"/>
    <property name="java.vm.vendor" value="Oracle Corporation"/>
    <property name="java.vendor.url" value="https://openjdk.java.net/"/>
    <property name="guice.disable.misplaced.annotation.check" value="true"/>
    <property name="path.separator" value=";"/>
    <property name="java.vm.name" value="Java HotSpot(TM) 64-Bit Server VM"/>
    <property name="sun.os.patch.level" value=""/>
    <property name="user.script" value=""/>
    <property name="user.country" value="CN"/>
    <property name="sun.java.launcher" value="SUN_STANDARD"/>
    <property name="java.vm.specification.name" value="Java Virtual Machine Specification"/>
    <property name="user.dir" value="D:\MyProjects\IDEA Projects\dns-flink\dns-situation"/>
    <property name="java.vm.compressedOopsMode" value="Zero based"/>
    <property name="java.runtime.version" value="11.0.23+7-LTS-222"/>
    <property name="java.awt.graphicsenv" value="sun.awt.Win32GraphicsEnvironment"/>
    <property name="os.arch" value="amd64"/>
    <property name="java.io.tmpdir" value="C:\Users\10565\AppData\Local\Temp\"/>
    <property name="line.separator" value="
"/>
    <property name="java.vm.specification.vendor" value="Oracle Corporation"/>
    <property name="user.variant" value=""/>
    <property name="os.name" value="Windows 11"/>
    <property name="maven.ext.class.path" value="D:\MyProgramTools\IntelliJ IDEA 2024.1\plugins\maven\lib\maven-event-listener.jar"/>
    <property name="classworlds.conf" value="D:\MyProgramTools\Maven\apache-maven-3.8.6\bin\m2.conf"/>
    <property name="sun.jnu.encoding" value="GBK"/>
    <property name="java.library.path" value="D:\MyProgramTools\Java\jdk11\bin;C:\WINDOWS\Sun\Java\bin;C:\WINDOWS\system32;C:\WINDOWS;C:\Program Files\Common Files\Oracle\Java\javapath;D:\MyProgramTools\Java\jdk11\bin\;D:\MyProgramTools\VMWare WorkStation\bin\;D:\MyProgramTools\Intel-OpenCL\system_studio_2020\OpenCL\sdk\bin\x64;D:\MyProgramTools\Intel-OpenCL\system_studio_2020\OpenCL\sdk\bin\x86;C:\Program Files (x86)\Common Files\Oracle\Java\javapath;C:\WINDOWS\system32;C:\WINDOWS;C:\WINDOWS\System32\Wbem;C:\WINDOWS\System32\WindowsPowerShell\v1.0\;C:\WINDOWS\System32\OpenSSH\;D:\MyProgramTools\MinGW64\bin;D:\MyProgramTools\TDM-GCC\bin;D:\MyProgramTools\MySQL\Server\MySQL Server 5.7\bin;C:\Batch;D:\MyProgramTools\Java\jdk17\bin;D:\MyProgramTools\Java\jdk1.8.0_291\bin;C:\Users\10565\Microsoft VS Code\bin;C:\Users\10565\AppData\Local\Programs\Python\Python311;D:\MyProgramTools\Microsoft Visual Studio\VC98\Bin;D:\MyProgramTools\Microsoft Visual Studio\Common\MSDev98\Bin;C:\Program Files\Docker\Docker\resources\bin;C:\Program Files\dotnet\;C:\Strawberry\c\bin;C:\Strawberry\perl\site\bin;C:\Strawberry\perl\bin;C:\DLL;C:\DLL\x64;E:\MyProgramTools2\Polyspace\R2020a\runtime\win64;E:\MyProgramTools2\Polyspace\R2020a\bin;E:\MyProgramTools2\Polyspace\R2020a\polyspace\bin;C:\WINDOWS\system32;C:\WINDOWS;C:\WINDOWS\System32\Wbem;C:\WINDOWS\System32\WindowsPowerShell\v1.0\;C:\WINDOWS\System32\OpenSSH\;C:\Program Files (x86)\Intel\oneAPI\compiler\2024.0\bin;C:\Program Files (x86)\Intel\oneAPI\mkl\2024.0\bin;D:\MyProgramTools\nodejs\;C:\Program Files (x86)\Intel\oneAPI;D:\MyProgramTools\Maven\apache-maven-3.8.6\\bin;D:\MyProgramTools\Git\cmd;C:\Program Files (x86)\Windows Kits\10\Windows Performance Toolkit\;D:\MyProgramTools\MiniConda3;D:\MyProgramTools\MiniConda3\Library\mingw-w64\bin;D:\MyProgramTools\MiniConda3\Library\usr\bin;D:\MyProgramTools\MiniConda3\Library\bin;D:\MyProgramTools\MiniConda3\Scripts;C:\Users\10565\AppData\Local\Programs\Python\Python311\Scripts\;C:\Users\10565\AppData\Local\Programs\Python\Python311\;C:\Users\10565\AppData\Local\Microsoft\WindowsApps;C:\Users\10565\AppData\Local\Programs\Microsoft VS Code\bin;C:\Users\10565\.dotnet\tools;C:\Users\10565\AppData\Local\GitHubDesktop\bin;C:\Users\10565\AppData\Roaming\npm;."/>
    <property name="jansi.passthrough" value="true"/>
    <property name="maven.conf" value="D:\MyProgramTools\Maven\apache-maven-3.8.6/conf"/>
    <property name="jdk.debug" value="release"/>
    <property name="java.class.version" value="55.0"/>
    <property name="java.specification.name" value="Java Platform API Specification"/>
    <property name="sun.management.compiler" value="HotSpot 64-Bit Tiered Compilers"/>
    <property name="os.version" value="10.0"/>
    <property name="user.home" value="C:\Users\10565"/>
    <property name="user.timezone" value="Asia/Shanghai"/>
    <property name="java.awt.printerjob" value="sun.awt.windows.WPrinterJob"/>
    <property name="file.encoding" value="UTF-8"/>
    <property name="java.specification.version" value="11"/>
    <property name="user.name" value="10565"/>
    <property name="java.class.path" value="D:\MyProgramTools\Maven\apache-maven-3.8.6\boot\plexus-classworlds-2.6.0.jar;D:\MyProgramTools\Maven\apache-maven-3.8.6\boot\plexus-classworlds.license"/>
    <property name="java.vm.specification.version" value="11"/>
    <property name="sun.arch.data.model" value="64"/>
    <property name="sun.java.command" value="org.codehaus.classworlds.Launcher -Didea.version=2024.1 -s D:\MyProgramTools\Maven\apache-maven-3.8.6\conf\settings.xml test"/>
    <property name="java.home" value="D:\MyProgramTools\Java\jdk11"/>
    <property name="user.language" value="zh"/>
    <property name="java.specification.vendor" value="Oracle Corporation"/>
    <property name="awt.toolkit" value="sun.awt.windows.WToolkit"/>
    <property name="java.vm.info" value="mixed mode"/>
    <property name="java.version" value="11.0.23"/>
    <property name="java.vendor" value="Oracle Corporation"/>
    <property name="java.specification.maintenance.version" value="2"/>
    <property name="maven.home" value="D:\MyProgramTools\Maven\apache-maven-3.8.6"/>
    <property name="file.separator" value="\"/>
    <property name="java.version.date" value="2024-04-16"/>
    <property name="java.vendor.url.bug" value="https://bugreport.java.com/bugreport/"/>
    <property name="sun.io.unicode.encoding" value="UnicodeLittle"/>
    <property name="sun.cpu.endian" value="little"/>
    <property name="java.vendor.version" value="18.9"/>
    <property name="sun.desktop" value="windows"/>
    <property name="sun.cpu.isalist" value="amd64"/>
  </properties>
  <testcase classname="org.example.AppTest" name="testApp" time="0.003"/>
</testsuite>te>